Determining if the pthread_create exist failed with the following output:
Change Dir: /home/ubuntu/catkin_ws/build/CMakeFiles/CMakeTmp

Run Build Command:"/usr/bin/make" "cmTC_cd0f7/fast"
/usr/bin/make -f CMakeFiles/cmTC_cd0f7.dir/build.make CMakeFiles/cmTC_cd0f7.dir/build
make[1]: Entering directory '/home/ubuntu/catkin_ws/build/CMakeFiles/CMakeTmp'
Building C object CMakeFiles/cmTC_cd0f7.dir/CheckSymbolExists.c.o
/usr/bin/cc     -o CMakeFiles/cmTC_cd0f7.dir/CheckSymbolExists.c.o   -c /home/ubuntu/catkin_ws/build/CMakeFiles/CMakeTmp/CheckSymbolExists.c
Linking C executable cmTC_cd0f7
/usr/bin/cmake -E cmake_link_script CMakeFiles/cmTC_cd0f7.dir/link.txt --verbose=1
/usr/bin/cc       CMakeFiles/cmTC_cd0f7.dir/CheckSymbolExists.c.o  -o cmTC_cd0f7 -rdynamic 
CMakeFiles/cmTC_cd0f7.dir/CheckSymbolExists.c.o: In function `main':
CheckSymbolExists.c:(.text+0x16): undefined reference to `pthread_create'
collect2: error: ld returned 1 exit status
CMakeFiles/cmTC_cd0f7.dir/build.make:97: recipe for target 'cmTC_cd0f7' failed
make[1]: *** [cmTC_cd0f7] Error 1
make[1]: Leaving directory '/home/ubuntu/catkin_ws/build/CMakeFiles/CMakeTmp'
Makefile:126: recipe for target 'cmTC_cd0f7/fast' failed
make: *** [cmTC_cd0f7/fast] Error 2

File /home/ubuntu/catkin_ws/build/CMakeFiles/CMakeTmp/CheckSymbolExists.c:
/* */
#include <pthread.h>

int main(int argc, char** argv)
{
  (void)argv;
#ifndef pthread_create
  return ((int*)(&pthread_create))[argc];
#else
  (void)argc;
  return 0;
#endif
}

Determining if the function pthread_create exists in the pthreads failed with the following output:
Change Dir: /home/ubuntu/catkin_ws/build/CMakeFiles/CMakeTmp

Run Build Command:"/usr/bin/make" "cmTC_bdc19/fast"
/usr/bin/make -f CMakeFiles/cmTC_bdc19.dir/build.make CMakeFiles/cmTC_bdc19.dir/build
make[1]: Entering directory '/home/ubuntu/catkin_ws/build/CMakeFiles/CMakeTmp'
Building C object CMakeFiles/cmTC_bdc19.dir/CheckFunctionExists.c.o
/usr/bin/cc    -DCHECK_FUNCTION_EXISTS=pthread_create   -o CMakeFiles/cmTC_bdc19.dir/CheckFunctionExists.c.o   -c /usr/share/cmake-3.5/Modules/CheckFunctionExists.c
Linking C executable cmTC_bdc19
/usr/bin/cmake -E cmake_link_script CMakeFiles/cmTC_bdc19.dir/link.txt --verbose=1
/usr/bin/cc   -DCHECK_FUNCTION_EXISTS=pthread_create    CMakeFiles/cmTC_bdc19.dir/CheckFunctionExists.c.o  -o cmTC_bdc19 -rdynamic -lpthreads 
/usr/bin/ld: cannot find -lpthreads
collect2: error: ld returned 1 exit status
CMakeFiles/cmTC_bdc19.dir/build.make:97: recipe for target 'cmTC_bdc19' failed
make[1]: *** [cmTC_bdc19] Error 1
make[1]: Leaving directory '/home/ubuntu/catkin_ws/build/CMakeFiles/CMakeTmp'
Makefile:126: recipe for target 'cmTC_bdc19/fast' failed
make: *** [cmTC_bdc19/fast] Error 2


